<?xml version="1.0" encoding="UTF-8"?>
<!-- Generated by org.testng.reporters.JUnitReportReporter -->
<testsuite skipped="0" hostname="Erols-MacBook-Air.local" name="SmokeTestIOS" tests="1" failures="0" timestamp="2022-10-24T14:08:47 CEST" time="24.118" errors="0">
  <testcase name="iOSTest" time="24.118" classname="SmokeTestIOS"/>
  <system-out/>
</testsuite> <!-- SmokeTestIOS -->
